<?xml version="1.0" encoding="UTF-8"?>
<!-- Generated by org.testng.reporters.JUnitXMLReporter -->
<testsuite hostname="LAPTOP-4JOLI4JQ" name="Default test" tests="2" failures="0" timestamp="18 Jun 2020 06:06:23 GMT" time="27.193" errors="0">
  <testcase name="enterMobileNumberTest" time="27.1" classname="com.flipkartproject.test.CustomerCreationPageTests"/>
  <testcase name="clickOnContinueButtonTest" time="0.081" classname="com.flipkartproject.test.CustomerCreationPageTests"/>
</testsuite> <!-- Default test -->
