<?xml version="1.0" encoding="UTF-8"?>
<!-- Generated by org.testng.reporters.JUnitXMLReporter -->
<testsuite hostname="LAPTOP-4JOLI4JQ" name="Default test" tests="4" failures="0" timestamp="19 Jun 2020 16:28:37 GMT" time="18.499" errors="0">
  <testcase name="enterMobileNumberTest" time="12.547" classname="com.flipkartproject.test.CustomerCreationPageTests"/>
  <testcase name="clickOnContinueButtonTest" time="0.071" classname="com.flipkartproject.test.CustomerCreationPageTests"/>
  <testcase name="clickAndEnterPasswordTest" time="2.124" classname="com.flipkartproject.test.CustomerCreationPageTests"/>
  <testcase name="clickOnLoginButtonTest" time="3.745" classname="com.flipkartproject.test.CustomerCreationPageTests"/>
</testsuite> <!-- Default test -->
