<?xml version="1.0" encoding="UTF-8"?>
<testng-results skipped="0" failed="0" total="4" passed="4">
  <reporter-output>
  </reporter-output>
  <suite name="Default suite" duration-ms="22751" started-at="2020-06-21T11:31:25Z" finished-at="2020-06-21T11:31:48Z">
    <groups>
    </groups>
    <test name="Default test" duration-ms="22751" started-at="2020-06-21T11:31:25Z" finished-at="2020-06-21T11:31:48Z">
      <class name="com.flipkartproject.test.CustomerCreationPageTests">
        <test-method status="PASS" signature="enterMobileNumberTest()[pri:0, instance:com.flipkartproject.test.CustomerCreationPageTests@4b9e13df]" name="enterMobileNumberTest" duration-ms="15883" started-at="2020-06-21T17:01:25Z" finished-at="2020-06-21T17:01:41Z">
          <reporter-output>
          </reporter-output>
        </test-method> <!-- enterMobileNumberTest -->
        <test-method status="PASS" signature="clickOnContinueButtonTest()[pri:0, instance:com.flipkartproject.test.CustomerCreationPageTests@4b9e13df]" name="clickOnContinueButtonTest" duration-ms="172" started-at="2020-06-21T17:01:41Z" finished-at="2020-06-21T17:01:41Z">
          <reporter-output>
          </reporter-output>
        </test-method> <!-- clickOnContinueButtonTest -->
        <test-method status="PASS" signature="clickAndEnterPasswordTest()[pri:0, instance:com.flipkartproject.test.CustomerCreationPageTests@4b9e13df]" name="clickAndEnterPasswordTest" duration-ms="2551" started-at="2020-06-21T17:01:41Z" finished-at="2020-06-21T17:01:44Z">
          <reporter-output>
          </reporter-output>
        </test-method> <!-- clickAndEnterPasswordTest -->
        <test-method status="PASS" signature="clickOnLoginButtonTest()[pri:0, instance:com.flipkartproject.test.CustomerCreationPageTests@4b9e13df]" name="clickOnLoginButtonTest" duration-ms="4112" started-at="2020-06-21T17:01:44Z" finished-at="2020-06-21T17:01:48Z">
          <reporter-output>
          </reporter-output>
        </test-method> <!-- clickOnLoginButtonTest -->
      </class> <!-- com.flipkartproject.test.CustomerCreationPageTests -->
    </test> <!-- Default test -->
  </suite> <!-- Default suite -->
</testng-results>
