<?xml version="1.0" encoding="UTF-8"?>
<testng-results skipped="0" failed="0" total="2" passed="2">
  <reporter-output>
  </reporter-output>
  <suite name="Default suite" duration-ms="27193" started-at="2020-06-18T06:05:56Z" finished-at="2020-06-18T06:06:23Z">
    <groups>
    </groups>
    <test name="Default test" duration-ms="27193" started-at="2020-06-18T06:05:56Z" finished-at="2020-06-18T06:06:23Z">
      <class name="com.flipkartproject.test.CustomerCreationPageTests">
        <test-method status="PASS" signature="enterMobileNumberTest()[pri:0, instance:com.flipkartproject.test.CustomerCreationPageTests@4b9e13df]" name="enterMobileNumberTest" duration-ms="27100" started-at="2020-06-18T11:35:56Z" finished-at="2020-06-18T11:36:23Z">
          <reporter-output>
          </reporter-output>
        </test-method> <!-- enterMobileNumberTest -->
        <test-method status="PASS" signature="clickOnContinueButtonTest()[pri:0, instance:com.flipkartproject.test.CustomerCreationPageTests@4b9e13df]" name="clickOnContinueButtonTest" duration-ms="81" started-at="2020-06-18T11:36:23Z" finished-at="2020-06-18T11:36:23Z">
          <reporter-output>
          </reporter-output>
        </test-method> <!-- clickOnContinueButtonTest -->
      </class> <!-- com.flipkartproject.test.CustomerCreationPageTests -->
    </test> <!-- Default test -->
  </suite> <!-- Default suite -->
</testng-results>
